do run
loading script "felix_analysis400_120.py"
loading script "felix_pump_ms.py"
loading script "felix_cocktail_x3.py"
loading script "felix_pump_extraction_line.py"
testing...
no interpolation path defined
executed 624.242112
script duration name:analysis400_120 seconds:624.0
loading script "felix_analysis400_120.py"
loading script "felix_pump_ms.py"
loading script "felix_cocktail_x3.py"
loading script "felix_pump_extraction_line.py"
testing...
no interpolation path defined
executed 0
loading script "felix_analysis400_120.py"
loading script "felix_pump_ms.py"
loading script "felix_cocktail_x3.py"
loading script "felix_pump_extraction_line.py"
testing...
no interpolation path defined
calculate duration
testing...
no interpolation path defined
executed 0
calculate duration
testing...
no interpolation path defined
executed 0
calculate duration
testing...
no interpolation path defined
executed 32.0
calculate duration
testing...
no interpolation path defined
executed 34.0
calculate duration
testing...
no interpolation path defined
executed 2.0
calculate duration
testing...
no interpolation path defined
executed 34.0
calculate duration
testing...
no interpolation path defined
executed 34.0
calculate duration
testing...
no interpolation path defined
executed 34.0
calculate duration
testing...
no interpolation path defined
executed 34.0
calculate duration
testing...
no interpolation path defined
executed 34.0
executed 244.0
script duration name:cocktail_x3 seconds:244.0
loading script "felix_analysis400_120.py"
loading script "felix_pump_ms.py"
loading script "felix_cocktail_x3.py"
loading script "felix_pump_extraction_line.py"
testing...
no interpolation path defined
calculate duration
testing...
no interpolation path defined
executed 4.0
executed 4.0
Script duration 868.0
Run total estimated duration= 869.000
run duration: 0:14:29
doing event level: 2
09:19:54 -- Setting default integration. t=1.048576
setting integration time = 1.048576
SetIntegrationTime 1.048576 ===>> OK
----------------- start -----------------
**************** Experiment Type: Ar/Ar, Ar/Ar
close session 4701039024
$$$$$ Clearing conditionals
adding conditionals 
Add queue conditionals
add default conditionals
adding default conditionals from /Users/obama/PychronDev/setupfiles/spectrometer/default_conditionals.yaml
Start automated run bc-02-F-272
loading script "felix_analysis400_120.py"
loading script "felix_pump_ms.py"
loading script "felix_cocktail_x3.py"
loading script "felix_pump_extraction_line.py"
%%%%%%%%%%%%%%%%%% setting automated run bc-02-F-272
No value "sensitivity_multiplier" in metadata
$$$$$$$$$$$$$$$ auto_save_detector_ic=False
============================= Pre Extraction Check =============================
loading queue conditionals pre_run_terminations
loading system conditionals pre_run_terminations
loading conditionals from /Users/obama/PychronDev/setupfiles/spectrometer/default_conditionals.yaml
09:19:54 -- ******* Pre Extraction Check *******
Get a measurement from the spectrometer
GetData ===>> L2(CDD),0,H2,0.0267412483386019,H1,-0.0153974698866223,AX,-0.00146410797623335,L1,-0.524126414825584
Pre Extraction Termination data. keys=L2(CDD),H2,H1,AX,L1, signals=0.00000,0.02674,-0.01540,-0.00146,-0.52413
09:19:54 -- testing system defined conditionals
Checking default pre extraction terminations n=2
testing L2_CDD_
evaluate ot="L2(CDD).inactive" t="L2_CDD_", ctx="{'L2_CDD_': False}"
GetDeflection L2 (CDD) ===>> 0
testing L2_CDD_==3250
evaluate ot="L2(CDD).deflection==3250" t="L2_CDD_==3250", ctx="{'L2_CDD_': 0.0}"
09:19:54 -- ******* Pre Extraction Check Passed *******
=================================================================================
09:19:54 -- stopping status monitor
stop 4749323728
Alive clients [4708888304, 4671839216]
09:19:54 -- starting status monitor
start 4749323728
Monitor already running
start extraction
do extraction
Analysis started at 09:19:54.244571
Extraction Started felix_cocktail_x3.py
09:19:54 -- ******* Extraction Started felix_cocktail_x3.py *******
state changed from not run to extraction
DO EXTRACTION <pychron.extraction_line.pyscript_runner.RemotePyScriptRunner object at 0x1194a35f0>
testing...
no interpolation path defined
calculate duration
testing...
no interpolation path defined
executed 0
calculate duration
testing...
no interpolation path defined
executed 0
calculate duration
testing...
no interpolation path defined
executed 32.0
calculate duration
testing...
no interpolation path defined
executed 34.0
calculate duration
testing...
no interpolation path defined
executed 2.0
calculate duration
testing...
no interpolation path defined
executed 34.0
calculate duration
testing...
no interpolation path defined
executed 34.0
calculate duration
testing...
no interpolation path defined
executed 34.0
calculate duration
testing...
no interpolation path defined
executed 34.0
calculate duration
testing...
no interpolation path defined
executed 34.0
executed 244.0
Cocktail Pipette x1
doing GOSUB
testing...
no interpolation path defined
executed 0
Waiting for minibone access
wait ('JanMiniboneFlag', 0) {}
waiting for JanMiniboneFlag = 0
Read JanMiniboneFlag ===>> 0
finished waiting
Minibone released
wait ('MinibonePumpTimeFlag', 0) {}
waiting for MinibonePumpTimeFlag = 0
Read MinibonePumpTimeFlag ===>> 0
finished waiting
acquire ('FelixMiniboneFlag',) {'clear': True}
acquire FelixMiniboneFlag
Set FelixMiniboneFlag 1 ===>> OK
FelixMiniboneFlag acquired
set extraction state False (0.75, 'red', 1.5)
minibone acquired
executed 0
WaitForMiniboneAccess.py completed successfully
gosub finished
doing GOSUB
testing...
no interpolation path defined
executed 0
Prepare for Air Shot
close () {'description': 'Felix Inlet'}
closing name=--- desc=Felix Inlet
checking ownership. requestor=129.138.12.137
check software interlocks H
interlocks []
actuate state mode=None-script, software_lock=False
doing actuation None-script close_channel False
Close H ===>> OK
GetValveState H ===>> False
change switch state (False, False)
---------------------------------------- close None (Felix Inlet) result=[(False, False)]
locked=[False]
open () {'description': 'Felix Ion Pump'}
opening name=--- desc=Felix Ion Pump
checking ownership. requestor=129.138.12.137
check software interlocks V
interlocks []
actuate state mode=None-script, software_lock=False
doing actuation None-script open_channel False
Open V ===>> OK
GetValveState V ===>> OK
change switch state (True, True)
update switch state V True args=() kw={} ncanvase=4
09:19:54 -- OPEN   VALVE-V (Felix Ion Pump)
---------------------------------------- open None (Felix Ion Pump) result=[(True, True)], time=0.16 sec
Get Checksum: -1741971610
locked=[False]
close () {'description': 'Microbone to Minibone'}
closing name=--- desc=Microbone to Minibone
checking ownership. requestor=129.138.12.137
check software interlocks L
interlocks []
actuate state mode=None-script, software_lock=False
doing actuation None-script close_channel False
Close L ===>> OK
GetValveState L ===>> False
change switch state (False, False)
---------------------------------------- close None (Microbone to Minibone) result=[(False, False)]
locked=[False]
close () {'description': 'Quad Inlet'}
closing name=--- desc=Quad Inlet
checking ownership. requestor=129.138.12.137
check software interlocks Q
interlocks []
actuate state mode=None-script, software_lock=False
doing actuation None-script close_channel True
Close Q ===>> OK
GetValveState Q ===>> False
change switch state (False, False)
---------------------------------------- close None (Quad Inlet) result=[(False, False)]
locked=[False]
open () {'description': 'Bone to Turbo'}
opening name=--- desc=Bone to Turbo
checking ownership. requestor=129.138.12.137
check software interlocks C
interlocks []
actuate state mode=None-script, software_lock=False
doing actuation None-script open_channel False
Open C ===>> OK
GetValveState C ===>> OK
change switch state (True, True)
update switch state C True args=() kw={} ncanvase=4
09:19:55 -- OPEN   VALVE-C (Bone to Turbo)
---------------------------------------- open None (Bone to Turbo) result=[(True, True)], time=0.22 sec
set states for children of Q. state=False
handle state [('Q', False)]
update switch state Q False args=() kw={'refresh': False} ncanvase=4
refresh_canvas_needed fired
locked=[False]
open () {'description': 'Bone to Minibone'}
opening name=--- desc=Bone to Minibone
checking ownership. requestor=129.138.12.137
check software interlocks E
interlocks []
actuate state mode=None-script, software_lock=False
doing actuation None-script open_channel True
Open E ===>> OK
GetValveState E ===>> OK
change switch state (True, True)
update switch state E True args=() kw={} ncanvase=4
09:19:56 -- OPEN   VALVE-E (Bone to Minibone)
---------------------------------------- open None (Bone to Minibone) result=[(True, True)], time=0.26 sec
Queue cancel. stop timer
Stop timer. self._timer: <pychron.core.helpers.timer.Timer object at 0x13d73f2d8>
Estimated total time= 152539.0, elapsed time= 8.0, deviation= 152531.0
set extraction state False (0.75, 'green', 1.5)
wait dialog stopped
locked=[False]
open () {'description': 'Minibone to Bone'}
opening name=--- desc=Minibone to Bone
checking ownership. requestor=129.138.12.137
check software interlocks I
interlocks []
actuate state mode=None-script, software_lock=False
doing actuation None-script open_channel False
Open I ===>> OK
GetValveState I ===>> OK
change switch state (True, True)
update switch state I True args=() kw={} ncanvase=4
09:19:56 -- OPEN   VALVE-I (Minibone to Bone)
---------------------------------------- open None (Minibone to Bone) result=[(True, True)], time=0.47 sec
locked=[False]
open () {'description': 'Bone to Getter GP-50'}
opening name=--- desc=Bone to Getter GP-50
checking ownership. requestor=129.138.12.137
check software interlocks N
interlocks []
actuate state mode=None-script, software_lock=False
doing actuation None-script open_channel False
Open N ===>> OK
GetValveState N ===>> OK
change switch state (True, True)
update switch state N True args=() kw={} ncanvase=4
09:19:57 -- OPEN   VALVE-N (Bone to Getter GP-50)
---------------------------------------- open None (Bone to Getter GP-50) result=[(True, True)], time=0.18 sec
locked=[False]
close () {'description': 'Bone to CO2 Laser'}
closing name=--- desc=Bone to CO2 Laser
checking ownership. requestor=129.138.12.137
check software interlocks D
interlocks []
actuate state mode=None-script, software_lock=False
doing actuation None-script close_channel True
Close D ===>> OK
GetValveState D ===>> False
change switch state (False, False)
---------------------------------------- close None (Bone to CO2 Laser) result=[(False, False)]
locked=[False]
close () {'description': 'Bone to Diode Laser'}
closing name=--- desc=Bone to Diode Laser
checking ownership. requestor=129.138.12.137
set states for children of D. state=False
check software interlocks B
handle state [('D', False)]
interlocks []
update switch state D False args=() kw={'refresh': False} ncanvase=4
actuate state mode=None-script, software_lock=False
doing actuation None-script close_channel True
Close B ===>> OK
refresh_canvas_needed fired
GetValveState B ===>> False
change switch state (False, False)
---------------------------------------- close None (Bone to Diode Laser) result=[(False, False)]
locked=[False]
executed 0
PrepareForAirShot.py completed successfully
gosub finished
doing GOSUB
testing...
no interpolation path defined
executed 32.0
Get Checksum: 1763161191
Evacuate Pipette 1
State checksums do not match. Local:411875886 Remote:1763161191
State checksum failed
open () {'description': 'Minibone to Turbo'}
opening name=--- desc=Minibone to Turbo
checking ownership. requestor=129.138.12.137
check software interlocks P
interlocks []
actuate state mode=None-script, software_lock=False
doing actuation None-script open_channel False
Open P ===>> OK
GetValveState P ===>> OK
change switch state (True, True)
update switch state P True args=() kw={} ncanvase=4
09:19:58 -- OPEN   VALVE-P (Minibone to Turbo)
---------------------------------------- open None (Minibone to Turbo) result=[(True, True)], time=0.21 sec
locked=[False]
close () {'description': 'Inner Pipette 1'}
closing name=--- desc=Inner Pipette 1
checking ownership. requestor=129.138.12.137
check software interlocks X
interlocks ['W']
actuate state mode=None-script, software_lock=False
doing actuation None-script close_channel False
Close X ===>> OK
GetValveState X ===>> False
change switch state (False, False)
---------------------------------------- close None (Inner Pipette 1) result=[(False, False)]
locked=[False]
sleep (1,) {}
SLEEP 1.0
set states for children of B. state=False
handle state [('B', False)]
update switch state B False args=() kw={'refresh': False} ncanvase=4
refresh_canvas_needed fired
open () {'description': 'Outer Pipette 1'}
opening name=--- desc=Outer Pipette 1
checking ownership. requestor=129.138.12.137
check software interlocks W
interlocks ['X']
actuate state mode=None-script, software_lock=False
doing actuation None-script open_channel True
Open W ===>> OK
GetValveState W ===>> OK
change switch state (True, True)
update switch state W True args=() kw={} ncanvase=4
09:19:59 -- OPEN   VALVE-W (Outer Pipette 1)
---------------------------------------- open None (Outer Pipette 1) result=[(True, True)], time=0.23 sec
locked=[False]
sleep (15,) {}
SLEEP 15.0
block started
WaitControl setup for 15.0  
abort run. Executor.isAlive=False
Get Checksum: 1113499040
Get Checksum: 1113499040
Get Checksum: 1113499040
Join finished
continuing script after 8.168 s
block finished. duration 8.16847801208
executed 48.0
EvacPipette1.py completed successfully
gosub finished
doing GOSUB
testing...
no interpolation path defined
executed 34.0
Fill Pipette 1
close () {'description': 'Outer Pipette 1'}
closing name=--- desc=Outer Pipette 1
checking ownership. requestor=129.138.12.137
check software interlocks W
interlocks ['X']
actuate state mode=None-script, software_lock=False
doing actuation None-script close_channel True
Close W ===>> OK
GetValveState W ===>> False
change switch state (False, False)
---------------------------------------- close None (Outer Pipette 1) result=[(False, False)]
locked=[False]
sleep (1,) {}
SLEEP 1.0
set states for children of W. state=False
handle state [('W', False)]
update switch state W False args=() kw={'refresh': False} ncanvase=4
refresh_canvas_needed fired
not filling cocktail pipette
sleep (15,) {}
SLEEP 15.0
block started
WaitControl setup for 15.0  
Get Checksum: 1763161191
abort run. Executor.isAlive=False
Get Checksum: 1763161191
Get Checksum: 1763161191
state changed from extraction to not run
update runs
executor executable True
stats calculated
get all runs n=182
updating stats
setting executable True
create new session 4701039024
Info for bc-02-F=('REFERENCES', 'blank_cocktail', 'Blank', 'NoIrradiation', 'A', 25)
Info for c-02-F=('REFERENCES', 'cocktail', 'Gas', 'Cocktail-02', 'A', 1)
Info for ba-01-F=('REFERENCES', 'blank_air', 'Blank', 'NoIrradiation', 'A', 16)
Info for a-01-F=('REFERENCES', 'air', 'Gas', 'NoIrradiation', 'A', 15)
Info for 65200=('TibetMDD', 'AZ-7-17-13(4)', 'Kspar', 'NM-285', 'B', 12)
Info for bu-FD-F=('REFERENCES', 'blank_unknown', 'Blank', 'NoIrradiation', 'A', 22)
Info for 65201=('TibetMDD', 'AZ-4-30-12(11)', 'Kspar', 'NM-285', 'B', 14)
Info for 65202=('TibetMDD', 'AZ-7-21-13(7)', 'Kspar', 'NM-285', 'B', 15)
Info for 65203=('TibetMDD', 'AZ-7-26-13(4)', 'Kspar', 'NM-285', 'B', 17)
close session 4701039024
info updated
calculating experiment stats
loading script "felix_analysis400_120.py"
loading script "felix_pump_ms.py"
loading script "felix_cocktail_x3.py"
loading script "felix_pump_extraction_line.py"
testing...
no interpolation path defined
executed 624.242112
script duration name:analysis400_120 seconds:624.0
loading script "felix_analysis400_120.py"
loading script "felix_pump_ms.py"
loading script "felix_cocktail_x3.py"
loading script "felix_pump_extraction_line.py"
testing...
no interpolation path defined
executed 0
loading script "felix_analysis400_120.py"
loading script "felix_pump_ms.py"
loading script "felix_cocktail_x3.py"
loading script "felix_pump_extraction_line.py"
testing...
no interpolation path defined
calculate duration
testing...
no interpolation path defined
executed 0
calculate duration
testing...
no interpolation path defined
executed 0
calculate duration
testing...
no interpolation path defined
executed 32.0
calculate duration
testing...
no interpolation path defined
executed 34.0
calculate duration
testing...
no interpolation path defined
executed 2.0
calculate duration
testing...
no interpolation path defined
executed 34.0
calculate duration
testing...
no interpolation path defined
executed 34.0
calculate duration
testing...
no interpolation path defined
executed 34.0
calculate duration
testing...
no interpolation path defined
executed 34.0
calculate duration
testing...
no interpolation path defined
executed 34.0
executed 244.0
script duration name:cocktail_x3 seconds:244.0
loading script "felix_analysis400_120.py"
loading script "felix_pump_ms.py"
loading script "felix_cocktail_x3.py"
loading script "felix_pump_extraction_line.py"
testing...
no interpolation path defined
calculate duration
testing...
no interpolation path defined
executed 4.0
executed 4.0
Script duration 868.0
Run total estimated duration= 869.000
analysis400_120 in script context. using previous estimated duration
script duration name:analysis400_120 seconds:624.0
pump_ms in script context. using previous estimated duration
cocktail_x3 in script context. using previous estimated duration
script duration name:cocktail_x3 seconds:244.0
pump_extraction_line in script context. using previous estimated duration
Script duration 868.0
Run total estimated duration= 869.000
script duration name:analysis400_120 seconds:624.0
script duration name:cocktail_x3 seconds:244.0
Script duration 868.0
Run total estimated duration= 869.000
script duration name:analysis400_120 seconds:624.0
script duration name:cocktail_x3 seconds:244.0
Script duration 868.0
Run total estimated duration= 869.000
script duration name:analysis400_120 seconds:624.0
script duration name:cocktail_x3 seconds:244.0
Script duration 868.0
Run total estimated duration= 869.000
script duration name:analysis400_120 seconds:624.0
loading script "felix_analysis400_120.py"
loading script "felix_pump_ms.py"
loading script "felix_air_x2.py"
loading script "felix_pump_extraction_line.py"
testing...
no interpolation path defined
calculate duration
testing...
no interpolation path defined
executed 0
calculate duration
testing...
no interpolation path defined
executed 0
calculate duration
testing...
no interpolation path defined
executed 32.0
calculate duration
testing...
no interpolation path defined
executed 34.0
calculate duration
testing...
no interpolation path defined
executed 2.0
calculate duration
testing...
no interpolation path defined
executed 34.0
calculate duration
testing...
no interpolation path defined
executed 34.0
calculate duration
testing...
no interpolation path defined
executed 34.0
executed 174.0
script duration name:air_x2 seconds:174.0
Script duration 798.0
Run total estimated duration= 799.000
script duration name:analysis400_120 seconds:624.0
air_x2 in script context. using previous estimated duration
script duration name:air_x2 seconds:174.0
Script duration 798.0
Run total estimated duration= 799.000
script duration name:analysis400_120 seconds:624.0
script duration name:air_x2 seconds:174.0
Script duration 798.0
Run total estimated duration= 799.000
script duration name:analysis400_120 seconds:624.0
script duration name:air_x2 seconds:174.0
Script duration 798.0
Run total estimated duration= 799.000
script duration name:analysis400_120 seconds:624.0
script duration name:air_x2 seconds:174.0
Script duration 798.0
Run total estimated duration= 799.000
script duration name:analysis400_120 seconds:624.0
loading script "felix_analysis400_120.py"
loading script "felix_pump_ms.py"
loading script "felix_furnace.py"
loading script "felix_pump_extraction_line.py"
testing...
no interpolation path defined
executed 184.0
script duration name:furnace seconds:184.0
Script duration 808.0
Run total estimated duration= 809.000
script duration name:analysis400_120 seconds:624.0
furnace in script context. using previous estimated duration
script duration name:furnace seconds:184.0
Script duration 808.0
Run total estimated duration= 809.000
script duration name:analysis400_120 seconds:624.0
script duration name:furnace seconds:184.0
Script duration 808.0
Run total estimated duration= 809.000
script duration name:analysis400_120 seconds:624.0
script duration name:furnace seconds:184.0
Script duration 808.0
Run total estimated duration= 809.000
script duration name:analysis400_120 seconds:624.0
script duration name:furnace seconds:184.0
Script duration 808.0
Run total estimated duration= 809.000
script duration name:analysis400_120 seconds:624.0
script duration name:furnace seconds:184.0
Script duration 808.0
Run total estimated duration= 809.000
script duration name:analysis400_120 seconds:624.0
script duration name:furnace seconds:184.0
Script duration 808.0
Run total estimated duration= 809.000
script duration name:analysis400_120 seconds:624.0
script duration name:furnace seconds:184.0
Script duration 808.0
Run total estimated duration= 809.000
script duration name:analysis400_120 seconds:624.0
script duration name:furnace seconds:184.0
Script duration 808.0
Run total estimated duration= 809.000
script duration name:analysis400_120 seconds:624.0
script duration name:furnace seconds:184.0
Script duration 808.0
Run total estimated duration= 809.000
script duration name:analysis400_120 seconds:624.0
loading script "felix_analysis400_120.py"
loading script "felix_pump_ms.py"
loading script "felix_air_x1.py"
loading script "felix_pump_extraction_line.py"
testing...
no interpolation path defined
calculate duration
testing...
no interpolation path defined
executed 0
calculate duration
testing...
no interpolation path defined
executed 0
calculate duration
testing...
no interpolation path defined
executed 32.0
calculate duration
testing...
no interpolation path defined
executed 34.0
calculate duration
testing...
no interpolation path defined
executed 2.0
calculate duration
testing...
no interpolation path defined
executed 34.0
executed 102.0
script duration name:air_x1 seconds:102.0
Script duration 726.0
Run total estimated duration= 727.000
script duration name:analysis400_120 seconds:624.0
script duration name:furnace seconds:184.0
Script duration 808.0
Run total estimated duration= 809.000
script duration name:analysis400_120 seconds:624.0
script duration name:furnace seconds:184.0
Script duration 808.0
Run total estimated duration= 809.000
script duration name:analysis400_120 seconds:624.0
script duration name:furnace seconds:184.0
Script duration 808.0
Run total estimated duration= 809.000
script duration name:analysis400_120 seconds:624.0
script duration name:furnace seconds:184.0
Script duration 808.0
Run total estimated duration= 809.000
script duration name:analysis400_120 seconds:624.0
script duration name:furnace seconds:184.0
Script duration 808.0
Run total estimated duration= 809.000
script duration name:analysis400_120 seconds:624.0
script duration name:furnace seconds:184.0
Script duration 808.0
Run total estimated duration= 809.000
script duration name:analysis400_120 seconds:624.0
script duration name:furnace seconds:184.0
Script duration 808.0
Run total estimated duration= 809.000
script duration name:analysis400_120 seconds:624.0
script duration name:furnace seconds:184.0
Script duration 808.0
Run total estimated duration= 809.000
script duration name:analysis400_120 seconds:624.0
script duration name:furnace seconds:184.0
Script duration 808.0
Run total estimated duration= 809.000
script duration name:analysis400_120 seconds:624.0
script duration name:furnace seconds:184.0
Script duration 808.0
Run total estimated duration= 809.000
script duration name:analysis400_120 seconds:624.0
script duration name:furnace seconds:184.0
Script duration 808.0
Run total estimated duration= 809.000
script duration name:analysis400_120 seconds:624.0
script duration name:furnace seconds:184.0
Script duration 808.0
Run total estimated duration= 809.000
script duration name:analysis400_120 seconds:624.0
script duration name:furnace seconds:184.0
Script duration 808.0
Run total estimated duration= 809.000
script duration name:analysis400_120 seconds:624.0
script duration name:furnace seconds:184.0
Script duration 808.0
Run total estimated duration= 809.000
script duration name:analysis400_120 seconds:624.0
air_x1 in script context. using previous estimated duration
script duration name:air_x1 seconds:102.0
Script duration 726.0
Run total estimated duration= 727.000
script duration name:analysis400_120 seconds:624.0
script duration name:furnace seconds:184.0
Script duration 808.0
Run total estimated duration= 809.000
script duration name:analysis400_120 seconds:624.0
script duration name:furnace seconds:184.0
Script duration 808.0
Run total estimated duration= 809.000
script duration name:analysis400_120 seconds:624.0
script duration name:furnace seconds:184.0
Script duration 808.0
Run total estimated duration= 809.000
script duration name:analysis400_120 seconds:624.0
script duration name:furnace seconds:184.0
Script duration 808.0
Run total estimated duration= 809.000
script duration name:analysis400_120 seconds:624.0
script duration name:furnace seconds:184.0
Script duration 808.0
Run total estimated duration= 809.000
script duration name:analysis400_120 seconds:624.0
script duration name:furnace seconds:184.0
Script duration 808.0
Run total estimated duration= 809.000
script duration name:analysis400_120 seconds:624.0
script duration name:furnace seconds:184.0
Script duration 808.0
Run total estimated duration= 809.000
script duration name:analysis400_120 seconds:624.0
script duration name:furnace seconds:184.0
Script duration 808.0
Run total estimated duration= 809.000
script duration name:analysis400_120 seconds:624.0
script duration name:furnace seconds:184.0
Script duration 808.0
Run total estimated duration= 809.000
script duration name:analysis400_120 seconds:624.0
script duration name:furnace seconds:184.0
Script duration 808.0
Run total estimated duration= 809.000
script duration name:analysis400_120 seconds:624.0
script duration name:furnace seconds:184.0
Script duration 808.0
Run total estimated duration= 809.000
script duration name:analysis400_120 seconds:624.0
script duration name:furnace seconds:184.0
Script duration 808.0
Run total estimated duration= 809.000
script duration name:analysis400_120 seconds:624.0
script duration name:air_x1 seconds:102.0
Script duration 726.0
Run total estimated duration= 727.000
script duration name:analysis400_120 seconds:624.0
script duration name:air_x2 seconds:174.0
Script duration 798.0
Run total estimated duration= 799.000
script duration name:analysis400_120 seconds:624.0
script duration name:air_x2 seconds:174.0
Script duration 798.0
Run total estimated duration= 799.000
script duration name:analysis400_120 seconds:624.0
script duration name:air_x2 seconds:174.0
Script duration 798.0
Run total estimated duration= 799.000
script duration name:analysis400_120 seconds:624.0
script duration name:cocktail_x3 seconds:244.0
Script duration 868.0
Run total estimated duration= 869.000
script duration name:analysis400_120 seconds:624.0
script duration name:cocktail_x3 seconds:244.0
Script duration 868.0
Run total estimated duration= 869.000
script duration name:analysis400_120 seconds:624.0
script duration name:cocktail_x3 seconds:244.0
Script duration 868.0
Run total estimated duration= 869.000
script duration name:analysis400_120 seconds:624.0
script duration name:furnace seconds:184.0
Script duration 808.0
Run total estimated duration= 809.000
script duration name:analysis400_120 seconds:624.0
script duration name:furnace seconds:184.0
Script duration 808.0
Run total estimated duration= 809.000
script duration name:analysis400_120 seconds:624.0
script duration name:furnace seconds:184.0
Script duration 808.0
Run total estimated duration= 809.000
script duration name:analysis400_120 seconds:624.0
script duration name:furnace seconds:184.0
Script duration 808.0
Run total estimated duration= 809.000
script duration name:analysis400_120 seconds:624.0
script duration name:furnace seconds:184.0
Script duration 808.0
Run total estimated duration= 809.000
script duration name:analysis400_120 seconds:624.0
script duration name:furnace seconds:184.0
Script duration 808.0
Run total estimated duration= 809.000
script duration name:analysis400_120 seconds:624.0
script duration name:furnace seconds:184.0
Script duration 808.0
Run total estimated duration= 809.000
script duration name:analysis400_120 seconds:624.0
script duration name:furnace seconds:184.0
Script duration 808.0
Run total estimated duration= 809.000
script duration name:analysis400_120 seconds:624.0
script duration name:furnace seconds:184.0
Script duration 808.0
Run total estimated duration= 809.000
script duration name:analysis400_120 seconds:624.0
script duration name:furnace seconds:184.0
Script duration 808.0
Run total estimated duration= 809.000
script duration name:analysis400_120 seconds:624.0
script duration name:furnace seconds:184.0
Script duration 808.0
Run total estimated duration= 809.000
script duration name:analysis400_120 seconds:624.0
script duration name:air_x1 seconds:102.0
Script duration 726.0
Run total estimated duration= 727.000
script duration name:analysis400_120 seconds:624.0
script duration name:furnace seconds:184.0
Script duration 808.0
Run total estimated duration= 809.000
script duration name:analysis400_120 seconds:624.0
script duration name:furnace seconds:184.0
Script duration 808.0
Run total estimated duration= 809.000
script duration name:analysis400_120 seconds:624.0
script duration name:furnace seconds:184.0
Script duration 808.0
Run total estimated duration= 809.000
script duration name:analysis400_120 seconds:624.0
script duration name:furnace seconds:184.0
Script duration 808.0
Run total estimated duration= 809.000
script duration name:analysis400_120 seconds:624.0
script duration name:furnace seconds:184.0
Script duration 808.0
Run total estimated duration= 809.000
script duration name:analysis400_120 seconds:624.0
script duration name:furnace seconds:184.0
Script duration 808.0
Run total estimated duration= 809.000
script duration name:analysis400_120 seconds:624.0
script duration name:furnace seconds:184.0
Script duration 808.0
Run total estimated duration= 809.000
script duration name:analysis400_120 seconds:624.0
script duration name:furnace seconds:184.0
Script duration 808.0
Run total estimated duration= 809.000
script duration name:analysis400_120 seconds:624.0
script duration name:furnace seconds:184.0
Script duration 808.0
Run total estimated duration= 809.000
script duration name:analysis400_120 seconds:624.0
script duration name:furnace seconds:184.0
Script duration 808.0
Run total estimated duration= 809.000
script duration name:analysis400_120 seconds:624.0
script duration name:furnace seconds:184.0
Script duration 808.0
Run total estimated duration= 809.000
script duration name:analysis400_120 seconds:624.0
script duration name:furnace seconds:184.0
Script duration 808.0
Run total estimated duration= 809.000
script duration name:analysis400_120 seconds:624.0
script duration name:furnace seconds:184.0
Script duration 808.0
Run total estimated duration= 809.000
script duration name:analysis400_120 seconds:624.0
script duration name:furnace seconds:184.0
Script duration 808.0
Run total estimated duration= 809.000
script duration name:analysis400_120 seconds:624.0
script duration name:air_x1 seconds:102.0
Script duration 726.0
Run total estimated duration= 727.000
script duration name:analysis400_120 seconds:624.0
script duration name:furnace seconds:184.0
Script duration 808.0
Run total estimated duration= 809.000
script duration name:analysis400_120 seconds:624.0
script duration name:furnace seconds:184.0
Script duration 808.0
Run total estimated duration= 809.000
script duration name:analysis400_120 seconds:624.0
script duration name:furnace seconds:184.0
Script duration 808.0
Run total estimated duration= 809.000
script duration name:analysis400_120 seconds:624.0
script duration name:furnace seconds:184.0
Script duration 808.0
Run total estimated duration= 809.000
script duration name:analysis400_120 seconds:624.0
script duration name:furnace seconds:184.0
Script duration 808.0
Run total estimated duration= 809.000
script duration name:analysis400_120 seconds:624.0
script duration name:furnace seconds:184.0
Script duration 808.0
Run total estimated duration= 809.000
script duration name:analysis400_120 seconds:624.0
script duration name:furnace seconds:184.0
Script duration 808.0
Run total estimated duration= 809.000
script duration name:analysis400_120 seconds:624.0
script duration name:furnace seconds:184.0
Script duration 808.0
Run total estimated duration= 809.000
script duration name:analysis400_120 seconds:624.0
script duration name:air_x1 seconds:102.0
Script duration 726.0
Run total estimated duration= 727.000
script duration name:analysis400_120 seconds:624.0
script duration name:air_x2 seconds:174.0
Script duration 798.0
Run total estimated duration= 799.000
script duration name:analysis400_120 seconds:624.0
script duration name:air_x2 seconds:174.0
Script duration 798.0
Run total estimated duration= 799.000
script duration name:analysis400_120 seconds:624.0
script duration name:air_x2 seconds:174.0
Script duration 798.0
Run total estimated duration= 799.000
script duration name:analysis400_120 seconds:624.0
script duration name:cocktail_x3 seconds:244.0
Script duration 868.0
Run total estimated duration= 869.000
script duration name:analysis400_120 seconds:624.0
script duration name:cocktail_x3 seconds:244.0
Script duration 868.0
Run total estimated duration= 869.000
script duration name:analysis400_120 seconds:624.0
script duration name:cocktail_x3 seconds:244.0
Script duration 868.0
Run total estimated duration= 869.000
script duration name:analysis400_120 seconds:624.0
script duration name:furnace seconds:184.0
Script duration 808.0
Run total estimated duration= 809.000
script duration name:analysis400_120 seconds:624.0
script duration name:furnace seconds:184.0
Script duration 808.0
Run total estimated duration= 809.000
script duration name:analysis400_120 seconds:624.0
script duration name:furnace seconds:184.0
Script duration 808.0
Run total estimated duration= 809.000
script duration name:analysis400_120 seconds:624.0
script duration name:furnace seconds:184.0
Script duration 808.0
Run total estimated duration= 809.000
script duration name:analysis400_120 seconds:624.0
script duration name:furnace seconds:184.0
Script duration 808.0
Run total estimated duration= 809.000
script duration name:analysis400_120 seconds:624.0
script duration name:furnace seconds:184.0
Script duration 808.0
Run total estimated duration= 809.000
script duration name:analysis400_120 seconds:624.0
script duration name:furnace seconds:184.0
Script duration 808.0
Run total estimated duration= 809.000
script duration name:analysis400_120 seconds:624.0
script duration name:furnace seconds:184.0
Script duration 808.0
Run total estimated duration= 809.000
script duration name:analysis400_120 seconds:624.0
script duration name:furnace seconds:184.0
Script duration 808.0
Run total estimated duration= 809.000
script duration name:analysis400_120 seconds:624.0
script duration name:furnace seconds:184.0
Script duration 808.0
Run total estimated duration= 809.000
script duration name:analysis400_120 seconds:624.0
script duration name:furnace seconds:184.0
Script duration 808.0
Run total estimated duration= 809.000
script duration name:analysis400_120 seconds:624.0
script duration name:furnace seconds:184.0
Script duration 808.0
Run total estimated duration= 809.000
script duration name:analysis400_120 seconds:624.0
script duration name:furnace seconds:184.0
Script duration 808.0
Run total estimated duration= 809.000
script duration name:analysis400_120 seconds:624.0
script duration name:air_x1 seconds:102.0
Script duration 726.0
Run total estimated duration= 727.000
script duration name:analysis400_120 seconds:624.0
script duration name:furnace seconds:184.0
Script duration 808.0
Run total estimated duration= 809.000
script duration name:analysis400_120 seconds:624.0
script duration name:furnace seconds:184.0
Script duration 808.0
Run total estimated duration= 809.000
script duration name:analysis400_120 seconds:624.0
script duration name:furnace seconds:184.0
Script duration 808.0
Run total estimated duration= 809.000
script duration name:analysis400_120 seconds:624.0
script duration name:furnace seconds:184.0
Script duration 808.0
Run total estimated duration= 809.000
script duration name:analysis400_120 seconds:624.0
script duration name:furnace seconds:184.0
Script duration 808.0
Run total estimated duration= 809.000
script duration name:analysis400_120 seconds:624.0
script duration name:furnace seconds:184.0
Script duration 808.0
Run total estimated duration= 809.000
script duration name:analysis400_120 seconds:624.0
script duration name:furnace seconds:184.0
Script duration 808.0
Run total estimated duration= 809.000
script duration name:analysis400_120 seconds:624.0
script duration name:furnace seconds:184.0
Script duration 808.0
Run total estimated duration= 809.000
script duration name:analysis400_120 seconds:624.0
script duration name:furnace seconds:184.0
Script duration 808.0
Run total estimated duration= 809.000
script duration name:analysis400_120 seconds:624.0
script duration name:furnace seconds:184.0
Script duration 808.0
Run total estimated duration= 809.000
script duration name:analysis400_120 seconds:624.0
script duration name:furnace seconds:184.0
Script duration 808.0
Run total estimated duration= 809.000
script duration name:analysis400_120 seconds:624.0
script duration name:furnace seconds:184.0
Script duration 808.0
Run total estimated duration= 809.000
script duration name:analysis400_120 seconds:624.0
script duration name:air_x1 seconds:102.0
Script duration 726.0
Run total estimated duration= 727.000
script duration name:analysis400_120 seconds:624.0
script duration name:furnace seconds:184.0
Script duration 808.0
Run total estimated duration= 809.000
script duration name:analysis400_120 seconds:624.0
script duration name:furnace seconds:184.0
Script duration 808.0
Run total estimated duration= 809.000
script duration name:analysis400_120 seconds:624.0
script duration name:furnace seconds:184.0
Script duration 808.0
Run total estimated duration= 809.000
script duration name:analysis400_120 seconds:624.0
script duration name:furnace seconds:184.0
Script duration 808.0
Run total estimated duration= 809.000
script duration name:analysis400_120 seconds:624.0
script duration name:furnace seconds:184.0
Script duration 808.0
Run total estimated duration= 809.000
script duration name:analysis400_120 seconds:624.0
script duration name:furnace seconds:184.0
Script duration 808.0
Run total estimated duration= 809.000
script duration name:analysis400_120 seconds:624.0
script duration name:furnace seconds:184.0
Script duration 808.0
Run total estimated duration= 809.000
script duration name:analysis400_120 seconds:624.0
script duration name:furnace seconds:184.0
Script duration 808.0
Run total estimated duration= 809.000
script duration name:analysis400_120 seconds:624.0
script duration name:air_x1 seconds:102.0
Script duration 726.0
Run total estimated duration= 727.000
script duration name:analysis400_120 seconds:624.0
script duration name:air_x2 seconds:174.0
Script duration 798.0
Run total estimated duration= 799.000
script duration name:analysis400_120 seconds:624.0
script duration name:air_x2 seconds:174.0
Script duration 798.0
Run total estimated duration= 799.000
script duration name:analysis400_120 seconds:624.0
script duration name:air_x2 seconds:174.0
Script duration 798.0
Run total estimated duration= 799.000
script duration name:analysis400_120 seconds:624.0
script duration name:cocktail_x3 seconds:244.0
Script duration 868.0
Run total estimated duration= 869.000
script duration name:analysis400_120 seconds:624.0
script duration name:cocktail_x3 seconds:244.0
Script duration 868.0
Run total estimated duration= 869.000
script duration name:analysis400_120 seconds:624.0
script duration name:cocktail_x3 seconds:244.0
Script duration 868.0
Run total estimated duration= 869.000
script duration name:analysis400_120 seconds:624.0
script duration name:furnace seconds:184.0
Script duration 808.0
Run total estimated duration= 809.000
script duration name:analysis400_120 seconds:624.0
script duration name:furnace seconds:184.0
Script duration 808.0
Run total estimated duration= 809.000
script duration name:analysis400_120 seconds:624.0
script duration name:furnace seconds:184.0
Script duration 808.0
Run total estimated duration= 809.000
script duration name:analysis400_120 seconds:624.0
script duration name:furnace seconds:184.0
Script duration 808.0
Run total estimated duration= 809.000
script duration name:analysis400_120 seconds:624.0
script duration name:furnace seconds:184.0
Script duration 808.0
Run total estimated duration= 809.000
script duration name:analysis400_120 seconds:624.0
script duration name:furnace seconds:184.0
Script duration 808.0
Run total estimated duration= 809.000
script duration name:analysis400_120 seconds:624.0
script duration name:furnace seconds:184.0
Script duration 808.0
Run total estimated duration= 809.000
script duration name:analysis400_120 seconds:624.0
script duration name:furnace seconds:184.0
Script duration 808.0
Run total estimated duration= 809.000
script duration name:analysis400_120 seconds:624.0
script duration name:furnace seconds:184.0
Script duration 808.0
Run total estimated duration= 809.000
script duration name:analysis400_120 seconds:624.0
script duration name:furnace seconds:184.0
Script duration 808.0
Run total estimated duration= 809.000
script duration name:analysis400_120 seconds:624.0
script duration name:furnace seconds:184.0
Script duration 808.0
Run total estimated duration= 809.000
script duration name:analysis400_120 seconds:624.0
script duration name:furnace seconds:184.0
Script duration 808.0
Run total estimated duration= 809.000
script duration name:analysis400_120 seconds:624.0
script duration name:furnace seconds:184.0
Script duration 808.0
Run total estimated duration= 809.000
script duration name:analysis400_120 seconds:624.0
script duration name:air_x1 seconds:102.0
Script duration 726.0
Run total estimated duration= 727.000
script duration name:analysis400_120 seconds:624.0
script duration name:furnace seconds:184.0
Script duration 808.0
Run total estimated duration= 809.000
script duration name:analysis400_120 seconds:624.0
script duration name:furnace seconds:184.0
Script duration 808.0
Run total estimated duration= 809.000
script duration name:analysis400_120 seconds:624.0
script duration name:furnace seconds:184.0
Script duration 808.0
Run total estimated duration= 809.000
script duration name:analysis400_120 seconds:624.0
script duration name:furnace seconds:184.0
Script duration 808.0
Run total estimated duration= 809.000
script duration name:analysis400_120 seconds:624.0
script duration name:furnace seconds:184.0
Script duration 808.0
Run total estimated duration= 809.000
script duration name:analysis400_120 seconds:624.0
script duration name:furnace seconds:184.0
Script duration 808.0
Run total estimated duration= 809.000
script duration name:analysis400_120 seconds:624.0
script duration name:furnace seconds:184.0
Script duration 808.0
Run total estimated duration= 809.000
script duration name:analysis400_120 seconds:624.0
script duration name:furnace seconds:184.0
Script duration 808.0
Run total estimated duration= 809.000
script duration name:analysis400_120 seconds:624.0
script duration name:furnace seconds:184.0
Script duration 808.0
Run total estimated duration= 809.000
script duration name:analysis400_120 seconds:624.0
script duration name:furnace seconds:184.0
Script duration 808.0
Run total estimated duration= 809.000
script duration name:analysis400_120 seconds:624.0
script duration name:furnace seconds:184.0
Script duration 808.0
Run total estimated duration= 809.000
script duration name:analysis400_120 seconds:624.0
script duration name:furnace seconds:184.0
Script duration 808.0
Run total estimated duration= 809.000
script duration name:analysis400_120 seconds:624.0
script duration name:air_x1 seconds:102.0
Script duration 726.0
Run total estimated duration= 727.000
script duration name:analysis400_120 seconds:624.0
script duration name:furnace seconds:184.0
Script duration 808.0
Run total estimated duration= 809.000
script duration name:analysis400_120 seconds:624.0
script duration name:furnace seconds:184.0
Script duration 808.0
Run total estimated duration= 809.000
script duration name:analysis400_120 seconds:624.0
script duration name:furnace seconds:184.0
Script duration 808.0
Run total estimated duration= 809.000
script duration name:analysis400_120 seconds:624.0
script duration name:furnace seconds:184.0
Script duration 808.0
Run total estimated duration= 809.000
script duration name:analysis400_120 seconds:624.0
script duration name:furnace seconds:184.0
Script duration 808.0
Run total estimated duration= 809.000
script duration name:analysis400_120 seconds:624.0
script duration name:furnace seconds:184.0
Script duration 808.0
Run total estimated duration= 809.000
script duration name:analysis400_120 seconds:624.0
script duration name:furnace seconds:184.0
Script duration 808.0
Run total estimated duration= 809.000
script duration name:analysis400_120 seconds:624.0
script duration name:furnace seconds:184.0
Script duration 808.0
Run total estimated duration= 809.000
script duration name:analysis400_120 seconds:624.0
script duration name:air_x1 seconds:102.0
Script duration 726.0
Run total estimated duration= 727.000
script duration name:analysis400_120 seconds:624.0
script duration name:air_x2 seconds:174.0
Script duration 798.0
Run total estimated duration= 799.000
script duration name:analysis400_120 seconds:624.0
script duration name:air_x2 seconds:174.0
Script duration 798.0
Run total estimated duration= 799.000
script duration name:analysis400_120 seconds:624.0
script duration name:air_x2 seconds:174.0
Script duration 798.0
Run total estimated duration= 799.000
script duration name:analysis400_120 seconds:624.0
script duration name:cocktail_x3 seconds:244.0
Script duration 868.0
Run total estimated duration= 869.000
script duration name:analysis400_120 seconds:624.0
script duration name:cocktail_x3 seconds:244.0
Script duration 868.0
Run total estimated duration= 869.000
script duration name:analysis400_120 seconds:624.0
script duration name:cocktail_x3 seconds:244.0
Script duration 868.0
Run total estimated duration= 869.000
script duration name:analysis400_120 seconds:624.0
script duration name:furnace seconds:184.0
Script duration 808.0
Run total estimated duration= 809.000
nruns=182 before=5.0, run_dur=147104.0, btw=5430.0
total_time=152539.0
set extraction state  (0.75, 'green', 1.5)
Get Checksum: 1763161191
showing pane pychron.extraction_line.canvas_dock ==> <pychron.extraction_line.tasks.extraction_line_pane.CanvasDockPane object at 0x1197c62f0>
09:20:21 -- ======= Started Procedure "quick_air_x1" =======
Get Checksum: 1763161191
use git repo changed False
start execute
do execute
testing...
no interpolation path defined
calculate duration
testing...
no interpolation path defined
executed 0
calculate duration
testing...
no interpolation path defined
executed 0
calculate duration
testing...
no interpolation path defined
executed 32.0
calculate duration
testing...
no interpolation path defined
executed 34.0
calculate duration
testing...
no interpolation path defined
executed 2.0
calculate duration
testing...
no interpolation path defined
executed 34.0
calculate duration
testing...
no interpolation path defined
calculate duration
testing...
no interpolation path defined
executed 4.0
calculate duration
testing...
no interpolation path defined
executed 0
executed 4.0
executed 162.0
sleep (1,) {}
SLEEP 1.0
Air Pipette x1
doing GOSUB
testing...
no interpolation path defined
executed 0
Waiting for minibone access
wait ('JanMiniboneFlag', 0) {}
waiting for JanMiniboneFlag = 0
Read JanMiniboneFlag ===>> 0
finished waiting
Minibone released
wait ('MinibonePumpTimeFlag', 0) {}
waiting for MinibonePumpTimeFlag = 0
Read MinibonePumpTimeFlag ===>> 0
finished waiting
acquire ('FelixMiniboneFlag',) {'clear': True}
acquire FelixMiniboneFlag
Set FelixMiniboneFlag 1 ===>> OK
FelixMiniboneFlag acquired
minibone acquired
executed 0
WaitForMiniboneAccess.py completed successfully
gosub finished
doing GOSUB
testing...
no interpolation path defined
executed 0
Prepare for Air Shot
close () {'description': 'Felix Inlet'}
closing name=--- desc=Felix Inlet
checking ownership. requestor=129.138.12.137
check software interlocks H
interlocks []
actuate state mode=None-script, software_lock=False
doing actuation None-script close_channel False
Close H ===>> OK
GetValveState H ===>> False
change switch state (False, False)
---------------------------------------- close None (Felix Inlet) result=[(False, False)]
locked=[False]
open () {'description': 'Felix Ion Pump'}
opening name=--- desc=Felix Ion Pump
checking ownership. requestor=129.138.12.137
check software interlocks V
interlocks []
actuate state mode=None-script, software_lock=False
doing actuation None-script open_channel False
Open V ===>> OK
GetValveState V ===>> OK
change switch state (True, True)
update switch state V True args=() kw={} ncanvase=4
09:20:24 -- OPEN   VALVE-V (Felix Ion Pump)
---------------------------------------- open None (Felix Ion Pump) result=[(True, True)], time=0.12 sec
locked=[False]
close () {'description': 'Microbone to Minibone'}
closing name=--- desc=Microbone to Minibone
checking ownership. requestor=129.138.12.137
check software interlocks L
interlocks []
actuate state mode=None-script, software_lock=False
doing actuation None-script close_channel False
Join finished
block finished. duration 15.2004489899
close () {'description': 'Inner Pipette 1'}
closing name=--- desc=Inner Pipette 1
checking ownership. requestor=129.138.12.137
check software interlocks X
interlocks ['W']
actuate state mode=None-script, software_lock=False
doing actuation None-script close_channel False
Close L ===>> OK
Close X ===>> OK
GetValveState L ===>> False
change switch state (False, False)
---------------------------------------- close None (Microbone to Minibone) result=[(False, False)]
locked=[False]
close () {'description': 'Quad Inlet'}
closing name=--- desc=Quad Inlet
checking ownership. requestor=129.138.12.137
check software interlocks Q
interlocks []
actuate state mode=None-script, software_lock=False
doing actuation None-script close_channel False
Close Q ===>> OK
GetValveState X ===>> False
change switch state (False, False)
---------------------------------------- close None (Inner Pipette 1) result=[(False, False)]
locked=[False]
sleep (1,) {}
SLEEP 1.0
GetValveState Q ===>> False
change switch state (False, False)
---------------------------------------- close None (Quad Inlet) result=[(False, False)]
locked=[False]
open () {'description': 'Bone to Turbo'}
opening name=--- desc=Bone to Turbo
checking ownership. requestor=129.138.12.137
check software interlocks C
interlocks []
actuate state mode=None-script, software_lock=False
doing actuation None-script open_channel False
Open C ===>> OK
GetValveState C ===>> OK
change switch state (True, True)
update switch state C True args=() kw={} ncanvase=4
09:20:25 -- OPEN   VALVE-C (Bone to Turbo)
---------------------------------------- open None (Bone to Turbo) result=[(True, True)], time=0.24 sec
locked=[False]
open () {'description': 'Bone to Minibone'}
opening name=--- desc=Bone to Minibone
checking ownership. requestor=129.138.12.137
check software interlocks E
interlocks []
actuate state mode=None-script, software_lock=False
doing actuation None-script open_channel False
Open E ===>> OK
GetValveState E ===>> OK
change switch state (True, True)
update switch state E True args=() kw={} ncanvase=4
09:20:25 -- OPEN   VALVE-E (Bone to Minibone)
---------------------------------------- open None (Bone to Minibone) result=[(True, True)], time=0.19 sec
Get Checksum: 1763161191
locked=[False]
open () {'description': 'Minibone to Bone'}
opening name=--- desc=Minibone to Bone
checking ownership. requestor=129.138.12.137
check software interlocks I
interlocks []
actuate state mode=None-script, software_lock=False
doing actuation None-script open_channel False
executed 51.0
FillPipette1.py completed successfully
gosub finished
doing GOSUB
testing...
no interpolation path defined
executed 2.0
Prepare for air expansion
close () {'description': 'Bone to Turbo'}
closing name=--- desc=Bone to Turbo
checking ownership. requestor=129.138.12.137
check software interlocks C
interlocks []
actuate state mode=None-script, software_lock=False
doing actuation None-script close_channel True
Open I ===>> OK
Close C ===>> OK
GetValveState I ===>> OK
change switch state (True, True)
update switch state I True args=() kw={} ncanvase=4
09:20:26 -- OPEN   VALVE-I (Minibone to Bone)
---------------------------------------- open None (Minibone to Bone) result=[(True, True)], time=0.51 sec
GetValveState C ===>> False
change switch state (False, False)
---------------------------------------- close None (Bone to Turbo) result=[(False, False)]
locked=[False]
sleep (1,) {}
SLEEP 1.0
locked=[False]
open () {'description': 'Bone to Getter GP-50'}
opening name=--- desc=Bone to Getter GP-50
checking ownership. requestor=129.138.12.137
check software interlocks N
interlocks []
actuate state mode=None-script, software_lock=False
doing actuation None-script open_channel False
Open N ===>> OK
GetValveState N ===>> OK
change switch state (True, True)
update switch state N True args=() kw={} ncanvase=4
set states for children of C. state=False
handle state [('C', False)]
update switch state C False args=() kw={'refresh': False} ncanvase=4
09:20:27 -- OPEN   VALVE-N (Bone to Getter GP-50)
---------------------------------------- open None (Bone to Getter GP-50) result=[(True, True)], time=0.26 sec
refresh_canvas_needed fired
locked=[False]
close () {'description': 'Bone to CO2 Laser'}
closing name=--- desc=Bone to CO2 Laser
checking ownership. requestor=129.138.12.137
check software interlocks D
interlocks []
actuate state mode=None-script, software_lock=False
doing actuation None-script close_channel False
Close D ===>> OK
GetValveState D ===>> False
change switch state (False, False)
---------------------------------------- close None (Bone to CO2 Laser) result=[(False, False)]
locked=[False]
close () {'description': 'Bone to Diode Laser'}
closing name=--- desc=Bone to Diode Laser
checking ownership. requestor=129.138.12.137
check software interlocks B
interlocks []
actuate state mode=None-script, software_lock=False
doing actuation None-script close_channel False
Close B ===>> OK
GetValveState B ===>> False
change switch state (False, False)
---------------------------------------- close None (Bone to Diode Laser) result=[(False, False)]
locked=[False]
executed 0
PrepareForAirShot.py completed successfully
gosub finished
doing GOSUB
testing...
no interpolation path defined
executed 32.0
Evacuate Pipette 2
open () {'description': 'Minibone to Turbo'}
opening name=--- desc=Minibone to Turbo
checking ownership. requestor=129.138.12.137
open () {'description': 'Bone to Minibone'}
check software interlocks P
interlocks []
opening name=--- desc=Bone to Minibone
actuate state mode=None-script, software_lock=False
doing actuation None-script open_channel False
checking ownership. requestor=129.138.12.137
check software interlocks E
interlocks []
actuate state mode=None-script, software_lock=False
doing actuation None-script open_channel False
Open P ===>> OK
Open E ===>> OK
GetValveState P ===>> OK
change switch state (True, True)
update switch state P True args=() kw={} ncanvase=4
09:20:27 -- OPEN   VALVE-P (Minibone to Turbo)
---------------------------------------- open None (Minibone to Turbo) result=[(True, True)], time=0.22 sec
GetValveState E ===>> OK
change switch state (True, True)
update switch state E True args=() kw={} ncanvase=4
09:20:28 -- OPEN   VALVE-E (Bone to Minibone)
---------------------------------------- open None (Bone to Minibone) result=[(True, True)], time=0.32 sec
locked=[False]
close () {'description': 'Inner Pipette 2'}
closing name=--- desc=Inner Pipette 2
checking ownership. requestor=129.138.12.137
check software interlocks Z
interlocks ['Y']
actuate state mode=None-script, software_lock=False
doing actuation None-script close_channel False
Close Z ===>> OK
locked=[False]
open () {'description': 'Minibone to Bone'}
opening name=--- desc=Minibone to Bone
checking ownership. requestor=129.138.12.137
check software interlocks I
interlocks []
actuate state mode=None-script, software_lock=False
doing actuation None-script open_channel False
GetValveState Z ===>> False
change switch state (False, False)
---------------------------------------- close None (Inner Pipette 2) result=[(False, False)]
locked=[False]
sleep (1,) {}
SLEEP 1.0
Open I ===>> OK
GetValveState I ===>> OK
change switch state (True, True)
update switch state I True args=() kw={} ncanvase=4
09:20:28 -- OPEN   VALVE-I (Minibone to Bone)
---------------------------------------- open None (Minibone to Bone) result=[(True, True)], time=0.48 sec
locked=[False]
executed 3.0
PrepareForAirShotExpansion.py completed successfully
gosub finished
doing GOSUB
testing...
no interpolation path defined
executed 34.0
Expand Pipette 1
close () {'description': 'Minibone to Turbo'}
closing name=--- desc=Minibone to Turbo
checking ownership. requestor=129.138.12.137
check software interlocks P
interlocks []
actuate state mode=None-script, software_lock=False
doing actuation None-script close_channel True
Close P ===>> OK
GetValveState P ===>> False
change switch state (False, False)
---------------------------------------- close None (Minibone to Turbo) result=[(False, False)]
locked=[False]
sleep (2,) {}
SLEEP 2.0
block started
WaitControl setup for 2.0  
set states for children of P. state=False
handle state [('P', False)]
update switch state P False args=() kw={'refresh': False} ncanvase=4
open () {'description': 'Outer Pipette 2'}
opening name=--- desc=Outer Pipette 2
refresh_canvas_needed fired
checking ownership. requestor=129.138.12.137
check software interlocks Y
interlocks ['Z']
actuate state mode=None-script, software_lock=False
doing actuation None-script open_channel True
Get Checksum: -367495621
Open Y ===>> OK
GetValveState Y ===>> OK
change switch state (True, True)
update switch state Y True args=() kw={} ncanvase=4
09:20:29 -- OPEN   VALVE-Y (Outer Pipette 2)
---------------------------------------- open None (Outer Pipette 2) result=[(True, True)], time=0.26 sec
locked=[False]
sleep (15,) {}
SLEEP 15.0
block started
WaitControl setup for 15.0  
Join finished
block finished. duration 2.00503993034
open () {'description': 'Outer Pipette 1'}
opening name=--- desc=Outer Pipette 1
checking ownership. requestor=129.138.12.137
check software interlocks W
interlocks ['X']
actuate state mode=None-script, software_lock=False
doing actuation None-script open_channel True
Open W ===>> OK
GetValveState W ===>> OK
change switch state (True, True)
update switch state W True args=() kw={} ncanvase=4
09:20:31 -- OPEN   VALVE-W (Outer Pipette 1)
---------------------------------------- open None (Outer Pipette 1) result=[(True, True)], time=0.20 sec
locked=[False]
sleep (15,) {}
SLEEP 15.0
block started
WaitControl setup for 15.0  
Get Checksum: -1372018375
Get Checksum: -1372018375
Get Checksum: -1372018375
Get Checksum: -1372018375
Get Checksum: -1372018375
Join finished
block finished. duration 15.0416209698
executed 48.0
EvacPipette2.py completed successfully
gosub finished
doing GOSUB
testing...
no interpolation path defined
executed 34.0
Fill Pipette 2
close () {'description': 'Outer Pipette 2'}
closing name=--- desc=Outer Pipette 2
checking ownership. requestor=129.138.12.137
check software interlocks Y
interlocks ['Z']
actuate state mode=None-script, software_lock=False
doing actuation None-script close_channel True
Close Y ===>> OK
GetValveState Y ===>> False
change switch state (False, False)
---------------------------------------- close None (Outer Pipette 2) result=[(False, False)]
locked=[False]
sleep (1,) {}
SLEEP 1.0
set states for children of Y. state=False
handle state [('Y', False)]
update switch state Y False args=() kw={'refresh': False} ncanvase=4
refresh_canvas_needed fired
abort run. Executor.isAlive=False
filling air pipette
open () {'description': 'Inner Pipette 2'}
opening name=--- desc=Inner Pipette 2
checking ownership. requestor=129.138.12.137
check software interlocks Z
interlocks ['Y']
actuate state mode=None-script, software_lock=False
doing actuation None-script open_channel True
Open Z ===>> OK
GetValveState Z ===>> OK
change switch state (True, True)
update switch state Z True args=() kw={} ncanvase=4
09:20:46 -- OPEN   VALVE-Z (Inner Pipette 2)
---------------------------------------- open None (Inner Pipette 2) result=[(True, True)], time=0.13 sec
locked=[False]
sleep (15,) {}
SLEEP 15.0
block started
WaitControl setup for 15.0  
Join finished
block finished. duration 15.0417490005
executed 51.0
ExpandPipette1.py completed successfully
gosub finished
close () {'description': 'Outer Pipette 1'}
closing name=--- desc=Outer Pipette 1
checking ownership. requestor=129.138.12.137
check software interlocks W
interlocks ['X']
actuate state mode=None-script, software_lock=False
doing actuation None-script close_channel True
Close W ===>> OK
GetValveState W ===>> False
change switch state (False, False)
---------------------------------------- close None (Outer Pipette 1) result=[(False, False)]
locked=[False]
sleep (1,) {}
SLEEP 1.0
abort run. Executor.isAlive=False
set states for children of W. state=False
handle state [('W', False)]
update switch state W False args=() kw={'refresh': False} ncanvase=4
refresh_canvas_needed fired
Get Checksum: 524483756
Shot 2
doing GOSUB
testing...
no interpolation path defined
executed 34.0
Fill Pipette 1
close () {'description': 'Outer Pipette 1'}
closing name=--- desc=Outer Pipette 1
checking ownership. requestor=129.138.12.137
check software interlocks W
interlocks ['X']
actuate state mode=None-script, software_lock=False
doing actuation None-script close_channel False
Close W ===>> OK
GetValveState W ===>> False
change switch state (False, False)
---------------------------------------- close None (Outer Pipette 1) result=[(False, False)]
locked=[False]
sleep (1,) {}
SLEEP 1.0
not filling cocktail pipette
sleep (15,) {}
SLEEP 15.0
block started
WaitControl setup for 15.0  
Get Checksum: 524483756
Get Checksum: 524483756
09:20:54 -- stopping status monitor
stop 4671839216
Alive clients [4708888304, 4749323728]
***************** dumping
dump collection_time_zero_offset="0.0"
dump selected_irradiation="NoIrradiation"
dump selected_level="A"
dump extract_value="0.0"
dump extract_units=""
dump cleanup="0.0"
dump duration="0.0"
dump beam_diameter=""
dump ramp_duration="0.0"
dump overlap=""
dump pattern=""
dump labnumber="a-01-F"
dump position=""
dump weight="2.71"
dump comment=""
dump template="Step Heat Template"
dump use_simple_truncation="False"
dump conditionals_path=""
Stop update
stop update
Get Checksum: 524483756
&&&& len __gloggers__ = 182
prepare destroy
stop update
------------------- Alive Threads -------------------
<_MainThread(MainThread, started 140735127060480)>
<Thread(bc-02-F-272, started 123145313562624)>
<Thread(Thread-92, started 123145324572672)>
<_DummyThread(Dummy-3, started daemon 123145303990272)>
<_DummyThread(Dummy-11, started daemon 123145330925568)>
<Thread(consumer.ConsumerMixin, started daemon 123145328779264)>
<Thread(StatusMonitor(4708888304), started daemon 123145320366080)>
-----------------------------------------------------
---------- application stopping ----------
plugin pychron.google_calendar.plugin stopping
plugin pychron.google_calendar.plugin stopped
plugin pychron.email.plugin stopping
plugin pychron.email.plugin stopped
plugin pychron.furnace.nmgrl.plugin stopping
plugin pychron.furnace.nmgrl.plugin stopped
plugin pychron.fusions.diode stopping
plugin pychron.fusions.diode stopped
plugin pychron.lasers.tasks.plugins.laser_plugin.CoreLaserPlugin stopping
plugin pychron.lasers.tasks.plugins.laser_plugin.CoreLaserPlugin stopped
plugin pychron.client_extraction_line stopping
plugin pychron.client_extraction_line stopped
plugin pychron.spectrometer.helix stopping
plugin pychron.spectrometer.helix stopped
plugin pychron.git.tasks.github_plugin.GitHubPlugin stopping
plugin pychron.git.tasks.github_plugin.GitHubPlugin stopped
plugin pychron.dvc.tasks.dvc_plugin.DVCPlugin stopping
close session 4701039024
dumping usernames ['', 'ASmith', 'BMcIntosh', 'CHenry', 'JLafferty', 'JRoss', 'LPeters', 'MHeizler', 'MZimmerer', 'NIverson', 'NMGRL', 'root']
plugin pychron.dvc.tasks.dvc_plugin.DVCPlugin stopped
plugin pychron.mass_spec.plugin stopping
plugin pychron.mass_spec.plugin stopped
plugin pychron.arar_constants stopping
plugin pychron.arar_constants stopped
plugin pychron.entry.plugin stopping
plugin pychron.entry.plugin stopped
plugin pychron.pyscript.plugin stopping
plugin pychron.pyscript.plugin stopped
plugin pychron.experiment.plugin stopping
plugin pychron.experiment.plugin stopped
plugin pychron.hardware.plugin stopping
killing
09:20:59 -- killing
killing
Client Mode. Not saving lock states
saving manual states to /Users/obama/PychronDev/.appdata/_manual_states
killing
killing
killing
killing
saving stage_map  to /Users/obama/PychronDev/.appdata/fusions.pychron.stage_map
killing
killing
saving stage_map 17hole to /Users/obama/PychronDev/.appdata/.stage_map
killing
saving soft lock states to /Users/obama/PychronDev/.appdata/_soft_lock_state
saving manual states to /Users/obama/PychronDev/.appdata/_manual_states
plugin pychron.hardware.plugin stopped
plugin pychron.users.plugin stopping
plugin pychron.users.plugin stopped
plugin pychron.logger stopping
plugin pychron.logger stopped
plugin pychron.tasks.plugin stopping
plugin pychron.tasks.plugin stopped
plugin envisage.ui.tasks stopping
plugin envisage.ui.tasks stopped
plugin envisage.core stopping
service <21> unregistered
service <20> unregistered
service <19> unregistered
service <18> unregistered
service <17> unregistered
service <16> unregistered
service <15> unregistered
service <14> unregistered
service <13> unregistered
service <12> unregistered
service <11> unregistered
service <10> unregistered
service <9> unregistered
service <8> unregistered
service <7> unregistered
service <6> unregistered
service <5> unregistered
service <4> unregistered
service <3> unregistered
service <2> unregistered
service <1> unregistered
plugin envisage.core stopped
saving preferences to </Users/obama/PychronDev/.appdata/pyexperiment/preferences.ini>
---------- application stopped ----------
Get Checksum: 524483756
Join finished
block finished. duration 15.0371229649
close () {'description': 'Inner Pipette 2'}
closing name=--- desc=Inner Pipette 2
---------------------------------------- close None (Inner Pipette 2) result=None
sleep (1,) {}
SLEEP 1.0
executed 51.0
FillPipette2.py completed successfully
gosub finished
doing GOSUB
testing...
no interpolation path defined
executed 2.0
Prepare for air expansion
close () {'description': 'Bone to Turbo'}
closing name=--- desc=Bone to Turbo
---------------------------------------- close None (Bone to Turbo) result=None
sleep (1,) {}
SLEEP 1.0
Get Checksum: 524483756
open () {'description': 'Bone to Minibone'}
opening name=--- desc=Bone to Minibone
---------------------------------------- open None (Bone to Minibone) result=None, time=0.00 sec
open () {'description': 'Minibone to Bone'}
opening name=--- desc=Minibone to Bone
---------------------------------------- open None (Minibone to Bone) result=None, time=0.00 sec
executed 3.0
PrepareForAirShotExpansion.py completed successfully
gosub finished
doing GOSUB
testing...
no interpolation path defined
executed 34.0
Expand Pipette 2
close () {'description': 'Minibone to Turbo'}
closing name=--- desc=Minibone to Turbo
---------------------------------------- close None (Minibone to Turbo) result=None
sleep (2,) {}
SLEEP 2.0
block started
WaitControl setup for 2.0  
Join finished
block finished. duration 15.0588998795
close () {'description': 'Inner Pipette 1'}
closing name=--- desc=Inner Pipette 1
---------------------------------------- close None (Inner Pipette 1) result=None
sleep (1,) {}
SLEEP 1.0
executed 51.0
FillPipette1.py completed successfully
gosub finished
doing GOSUB
testing...
no interpolation path defined
executed 34.0
Expand Pipette 1
close () {'description': 'Minibone to Turbo'}
closing name=--- desc=Minibone to Turbo
---------------------------------------- close None (Minibone to Turbo) result=None
sleep (2,) {}
SLEEP 2.0
block started
WaitControl setup for 2.0  
Join finished
block finished. duration 2.00836491585
open () {'description': 'Outer Pipette 2'}
opening name=--- desc=Outer Pipette 2
---------------------------------------- open None (Outer Pipette 2) result=None, time=0.00 sec
sleep (15,) {}
SLEEP 15.0
block started
WaitControl setup for 15.0  
Get Checksum: 524483756
Join finished
block finished. duration 2.00847315788
open () {'description': 'Outer Pipette 1'}
opening name=--- desc=Outer Pipette 1
---------------------------------------- open None (Outer Pipette 1) result=None, time=0.00 sec
sleep (15,) {}
SLEEP 15.0
block started
WaitControl setup for 15.0  
Get Checksum: 524483756
Get Checksum: 524483756
Get Checksum: 524483756
Get Checksum: 524483756
Join finished
block finished. duration 15.0452599525
executed 51.0
ExpandPipette2.py completed successfully
gosub finished
close ('V',) {}
closing name=V desc=---
---------------------------------------- close V () result=None
sleep (3,) {}
SLEEP 3.0
block started
WaitControl setup for 3.0  
Get Checksum: 524483756
Join finished
block finished. duration 15.0450959206
executed 51.0
ExpandPipette1.py completed successfully
gosub finished
close () {'description': 'Outer Pipette 1'}
closing name=--- desc=Outer Pipette 1
---------------------------------------- close None (Outer Pipette 1) result=None
sleep (1,) {}
SLEEP 1.0
Shot 3
doing GOSUB
testing...
no interpolation path defined
executed 34.0
Fill Pipette 1
close () {'description': 'Outer Pipette 1'}
closing name=--- desc=Outer Pipette 1
---------------------------------------- close None (Outer Pipette 1) result=None
sleep (1,) {}
SLEEP 1.0
Join finished
block finished. duration 3.01128101349
open ('H',) {}
opening name=H desc=---
---------------------------------------- open H () result=None, time=0.00 sec
sleep (15,) {}
SLEEP 15.0
block started
WaitControl setup for 15.0  
Get Checksum: 524483756
not filling cocktail pipette
sleep (15,) {}
SLEEP 15.0
block started
WaitControl setup for 15.0  
Get Checksum: 524483756
Get Checksum: 524483756
Get Checksum: 524483756
Get Checksum: 524483756
Join finished
block finished. duration 15.0404510498
close ('H',) {}
closing name=H desc=---
---------------------------------------- close H () result=None
doing GOSUB
testing...
no interpolation path defined
calculate duration
testing...
no interpolation path defined
executed 4.0
calculate duration
testing...
no interpolation path defined
executed 0
executed 4.0
Pump after minibone analysis
doing GOSUB
testing...
no interpolation path defined
executed 4.0
Pump Bone
close () {'description': 'Felix Inlet'}
closing name=--- desc=Felix Inlet
---------------------------------------- close None (Felix Inlet) result=None
is_closed ('A',) {}
is A () closed?
close () {'description': 'CO2 Laser to Bone'}
closing name=--- desc=CO2 Laser to Bone
---------------------------------------- close None (CO2 Laser to Bone) result=None
sleep (1,) {}
SLEEP 1.0
Join finished
block finished. duration 15.0493831635
close () {'description': 'Inner Pipette 1'}
closing name=--- desc=Inner Pipette 1
---------------------------------------- close None (Inner Pipette 1) result=None
sleep (1,) {}
SLEEP 1.0
close () {'description': 'CO2 Laser to Roughing'}
closing name=--- desc=CO2 Laser to Roughing
---------------------------------------- close None (CO2 Laser to Roughing) result=None
open () {'description': 'Bone to Turbo'}
opening name=--- desc=Bone to Turbo
---------------------------------------- open None (Bone to Turbo) result=None, time=0.00 sec
open () {'description': 'Bone to Getter GP-50'}
opening name=--- desc=Bone to Getter GP-50
---------------------------------------- open None (Bone to Getter GP-50) result=None, time=0.00 sec
open () {'description': 'Bone to Diode Laser'}
opening name=--- desc=Bone to Diode Laser
---------------------------------------- open None (Bone to Diode Laser) result=None, time=0.00 sec
open () {'description': 'Bone to CO2 Laser'}
opening name=--- desc=Bone to CO2 Laser
---------------------------------------- open None (Bone to CO2 Laser) result=None, time=0.00 sec
sleep (1,) {}
SLEEP 1.0
executed 51.0
FillPipette1.py completed successfully
gosub finished
doing GOSUB
testing...
no interpolation path defined
executed 34.0
Expand Pipette 1
close () {'description': 'Minibone to Turbo'}
closing name=--- desc=Minibone to Turbo
---------------------------------------- close None (Minibone to Turbo) result=None
sleep (2,) {}
SLEEP 2.0
block started
WaitControl setup for 2.0  
set_resource () {'name': 'CO2PumpTimeFlag', 'value': 30}
Set CO2PumpTimeFlag 30 ===>> OK
release ('FelixCO2Flag',) {}
release FelixCO2Flag
Set FelixCO2Flag 0 ===>> OK
executed 6.0
PumpBone.py completed successfully
gosub finished
doing GOSUB
testing...
no interpolation path defined
executed 0
get_resource_value () {'name': 'FelixMiniboneFlag'}
Read FelixMiniboneFlag ===>> 1
Get Resource Value FelixMiniboneFlag=1.0
Pump minibone
open () {'description': 'Bone to Minibone'}
opening name=--- desc=Bone to Minibone
---------------------------------------- open None (Bone to Minibone) result=None, time=0.00 sec
open () {'description': 'Minibone to Turbo'}
opening name=--- desc=Minibone to Turbo
---------------------------------------- open None (Minibone to Turbo) result=None, time=0.00 sec
open () {'description': 'Quad Inlet'}
opening name=--- desc=Quad Inlet
---------------------------------------- open None (Quad Inlet) result=None, time=0.00 sec
close () {'description': 'Minibone to Bone'}
closing name=--- desc=Minibone to Bone
---------------------------------------- close None (Minibone to Bone) result=None
set_resource () {'name': 'MinibonePumpTimeFlag', 'value': 30}
Set MinibonePumpTimeFlag 30 ===>> OK
release ('FelixMiniboneFlag',) {}
release FelixMiniboneFlag
Set FelixMiniboneFlag 0 ===>> OK
executed 0
PumpMinibone.py completed successfully
gosub finished
executed 4.0
felix_pump_air.py completed successfully
gosub finished
sleep (10,) {}
SLEEP 10.0
block started
WaitControl setup for 10.0  
Get Checksum: 524483756
Join finished
block finished. duration 2.00749588013
open () {'description': 'Outer Pipette 1'}
opening name=--- desc=Outer Pipette 1
---------------------------------------- open None (Outer Pipette 1) result=None, time=0.00 sec
sleep (15,) {}
SLEEP 15.0
block started
WaitControl setup for 15.0  
Get Checksum: 524483756
Get Checksum: 524483756
Get Checksum: 524483756
Join finished
block finished. duration 10.0374858379
close () {'description': 'Outer Pipette 2'}
closing name=--- desc=Outer Pipette 2
---------------------------------------- close None (Outer Pipette 2) result=None
executed 191.0
quick_air_x1.py completed successfully
09:21:50 -- ======= Finished Procedure "quick_air_x1" =======
Get Checksum: 524483756
Get Checksum: 524483756
Join finished
block finished. duration 15.0540401936
executed 51.0
ExpandPipette1.py completed successfully
gosub finished
close () {'description': 'Outer Pipette 1'}
closing name=--- desc=Outer Pipette 1
---------------------------------------- close None (Outer Pipette 1) result=None
sleep (1,) {}
SLEEP 1.0
executed 247.0
felix_cocktail_x3.py completed successfully
could not find manager name="NMGRLFurnace" func="get_achieved_output"
Requested Output= 0.000
Achieved Output=  0.000
could not find manager name="NMGRLFurnace" func="get_response_blob"
could not find manager name="NMGRLFurnace" func="get_output_blob"
could not find manager name="NMGRLFurnace" func="get_setpoint_blob"
could not find manager name="NMGRLFurnace" func="get_active_pid_parameters"
persistence save...
persistence save - db
AutomatedRunPersister post_extraction_save deprecated
persistence save - dvc
no extraction position for 
create new session 4671457136
add_item exception <pychron.dvc.dvc_orm.MeasuredPositionTbl object at 0x1165d8210> Traceback (most recent call last):
  File "/Users/obama/Programming/git/pychron_dev/pychron/database/core/database_adapter.py", line 520, in _add_item
    sess.flush()
  File "/Users/obama/anaconda/lib/python2.7/site-packages/sqlalchemy/orm/session.py", line 2004, in flush
    self._flush(objects)
  File "/Users/obama/anaconda/lib/python2.7/site-packages/sqlalchemy/orm/session.py", line 2122, in _flush
    transaction.rollback(_capture_exception=True)
  File "/Users/obama/anaconda/lib/python2.7/site-packages/sqlalchemy/util/langhelpers.py", line 60, in __exit__
    compat.reraise(exc_type, exc_value, exc_tb)
  File "/Users/obama/anaconda/lib/python2.7/site-packages/sqlalchemy/orm/session.py", line 2086, in _flush
    flush_context.execute()
  File "/Users/obama/anaconda/lib/python2.7/site-packages/sqlalchemy/orm/unitofwork.py", line 373, in execute
    rec.execute(self)
  File "/Users/obama/anaconda/lib/python2.7/site-packages/sqlalchemy/orm/unitofwork.py", line 532, in execute
    uow
  File "/Users/obama/anaconda/lib/python2.7/site-packages/sqlalchemy/orm/persistence.py", line 174, in save_obj
    mapper, table, insert)
  File "/Users/obama/anaconda/lib/python2.7/site-packages/sqlalchemy/orm/persistence.py", line 781, in _emit_insert_statements
    execute(statement, params)
  File "/Users/obama/anaconda/lib/python2.7/site-packages/sqlalchemy/engine/base.py", line 914, in execute
    return meth(self, multiparams, params)
  File "/Users/obama/anaconda/lib/python2.7/site-packages/sqlalchemy/sql/elements.py", line 323, in _execute_on_connection
    return connection._execute_clauseelement(self, multiparams, params)
  File "/Users/obama/anaconda/lib/python2.7/site-packages/sqlalchemy/engine/base.py", line 1010, in _execute_clauseelement
    compiled_sql, distilled_params
  File "/Users/obama/anaconda/lib/python2.7/site-packages/sqlalchemy/engine/base.py", line 1146, in _execute_context
    context)
  File "/Users/obama/anaconda/lib/python2.7/site-packages/sqlalchemy/engine/base.py", line 1341, in _handle_dbapi_exception
    exc_info
  File "/Users/obama/anaconda/lib/python2.7/site-packages/sqlalchemy/util/compat.py", line 199, in raise_from_cause
    reraise(type(exception), exception, tb=exc_tb)
  File "/Users/obama/anaconda/lib/python2.7/site-packages/sqlalchemy/engine/base.py", line 1139, in _execute_context
    context)
  File "/Users/obama/anaconda/lib/python2.7/site-packages/sqlalchemy/engine/default.py", line 450, in do_execute
    cursor.execute(statement, parameters)
  File "/Users/obama/anaconda/lib/python2.7/site-packages/pymysql/cursors.py", line 134, in execute
    result = self._query(query)
  File "/Users/obama/anaconda/lib/python2.7/site-packages/pymysql/cursors.py", line 282, in _query
    conn.query(q)
  File "/Users/obama/anaconda/lib/python2.7/site-packages/pymysql/connections.py", line 767, in query
    self._execute_command(COMMAND.COM_QUERY, sql)
  File "/Users/obama/anaconda/lib/python2.7/site-packages/pymysql/connections.py", line 957, in _execute_command
    self._write_bytes(prelude + sql[:chunk_size-1])
  File "/Users/obama/anaconda/lib/python2.7/site-packages/pymysql/connections.py", line 916, in _write_bytes
    raise err.OperationalError(2006, "MySQL server has gone away (%r)" % (e,))
OperationalError: (pymysql.err.OperationalError) (2006, "MySQL server has gone away (error(32, 'Broken pipe'))") [SQL: u'INSERT INTO `MeasuredPositionTbl` (position, x, y, z, is_degas, `analysisID`, `loadName`) VALUES (%s, %s, %s, %s, %s, %s, %s)'] [parameters: (None, None, None, None, 0, None, None)]

close session 4671457136
Extraction Finished
09:21:58 -- ******* Extraction Finished *******
no overlap. not waiting for min ms pumptime
09:21:58 -- ******* Post Run Check Passed *******
09:21:58 -- Automated run bc-02-F-272 not run duration: 124.336 s
----------------- finish -----------------
----------------- stop -----------------
retroactive repository identifiers disabled
finish run. runs completed=1
write rem/ex queues
/Users/obama/PychronDev/experiments/rem/FurnaceKSpar12_23_16.rem.txt
/Users/obama/PychronDev/experiments/rem/FurnaceKSpar12_23_16.ex.txt
doing event level: 3
